Using pre-set license
Built from '2020.3/staging' branch; Version is '2020.3.0f1 (c7b5465681fb) revision 13088070'; Using compiler version '192528614'; Build Type 'Release'
OS: 'Windows 10 Home; OS build 19042.1052; Version 2009; 64bit' Language: 'es' Physical Memory: 16234 MB
BatchMode: 1, IsHumanControllingUs: 0, StartBugReporterOnCrash: 0, Is64bit: 1, IsPro: 0

 COMMAND LINE ARGUMENTS:
C:\Program Files\Unity\Hub\Editor\2020.3.0f1\Editor\Unity.exe
-adb2
-batchMode
-noUpm
-name
AssetImportWorker0
-projectPath
C:/Users/arbiz/Desktop/PelotasNoSound-main
-logFile
Logs/AssetImportWorker0.log
-srvPort
54619
Successfully changed project path to: C:/Users/arbiz/Desktop/PelotasNoSound-main
C:/Users/arbiz/Desktop/PelotasNoSound-main
Using Asset Import Pipeline V2.
Refreshing native plugins compatible for Editor in 42.11 ms, found 0 plugins.
Preloading 0 native plugins for Editor in 0.00 ms.
Initialize engine version: 2020.3.0f1 (c7b5465681fb)
[Subsystems] Discovering subsystems at path C:/Program Files/Unity/Hub/Editor/2020.3.0f1/Editor/Data/Resources/UnitySubsystems
[Subsystems] Discovering subsystems at path C:/Users/arbiz/Desktop/PelotasNoSound-main/Assets
GfxDevice: creating device client; threaded=0
Direct3D:
    Version:  Direct3D 11.0 [level 11.1]
    Renderer: NVIDIA GeForce GTX 1660 Ti (ID=0x2191)
    Vendor:   
    VRAM:     5991 MB
    Driver:   27.21.14.6589
Shader 'Universal Render Pipeline/Particles/Lit': fallback shader 'Universal Render Pipeline/Particles/SimpleLit' not found
Initialize mono
Mono path[0] = 'C:/Program Files/Unity/Hub/Editor/2020.3.0f1/Editor/Data/Managed'
Mono path[1] = 'C:/Program Files/Unity/Hub/Editor/2020.3.0f1/Editor/Data/MonoBleedingEdge/lib/mono/unityjit'
Mono config path = 'C:/Program Files/Unity/Hub/Editor/2020.3.0f1/Editor/Data/MonoBleedingEdge/etc'
Using monoOptions --debugger-agent=transport=dt_socket,embedding=1,server=y,suspend=n,address=127.0.0.1:56764
Begin MonoManager ReloadAssembly
Registering precompiled unity dll's ...
Register platform support module: C:/Program Files/Unity/Hub/Editor/2020.3.0f1/Editor/Data/PlaybackEngines/WindowsStandaloneSupport/UnityEditor.WindowsStandalone.Extensions.dll
Registered in 0.001628 seconds.
Native extension for WindowsStandalone target not found
Refreshing native plugins compatible for Editor in 110.34 ms, found 0 plugins.
Preloading 0 native plugins for Editor in 0.00 ms.
Invoked RoslynAnalysisRunner static constructor.
RoslynAnalysisRunner will not be running.
RoslynAnalysisRunner has terminated.
Mono: successfully reloaded assembly
- Completed reload, in  1.101 seconds
Platform modules already initialized, skipping
Registering precompiled user dll's ...
Registered in 0.001152 seconds.
Begin MonoManager ReloadAssembly
Native extension for WindowsStandalone target not found
Refreshing native plugins compatible for Editor in 46.50 ms, found 0 plugins.
Preloading 0 native plugins for Editor in 0.00 ms.
Invoked RoslynAnalysisRunner static constructor.
RoslynAnalysisRunner will not be running.
RoslynAnalysisRunner has terminated.
Mono: successfully reloaded assembly
- Completed reload, in  0.969 seconds
Platform modules already initialized, skipping
========================================================================
Worker process is ready to serve import requests
Shader 'Universal Render Pipeline/Particles/Lit': fallback shader 'Universal Render Pipeline/Particles/SimpleLit' not found
Launched and connected shader compiler UnityShaderCompiler.exe after 0.03 seconds
Refreshing native plugins compatible for Editor in 0.50 ms, found 0 plugins.
Preloading 0 native plugins for Editor in 0.00 ms.
Unloading 2718 Unused Serialized files (Serialized files now loaded: 0)
System memory in use before: 122.4 MB.
System memory in use after: 122.6 MB.

Unloading 12 unused Assets to reduce memory usage. Loaded Objects now: 3161.
Total: 2.627800 ms (FindLiveObjects: 0.298800 ms CreateObjectMapping: 0.156100 ms MarkObjects: 2.106400 ms  DeleteObjects: 0.065600 ms)

========================================================================
Received Import Request.
  path: Assets/Scenes/MiniGame.unity
  artifactKey: Guid(194502c23ed64ba60a6098fdfea167ac) Importer(815301076,1909f56bfc062723c751e8b465ee728b)
Start importing Assets/Scenes/MiniGame.unity using Guid(194502c23ed64ba60a6098fdfea167ac) Importer(815301076,1909f56bfc062723c751e8b465ee728b)  -> (artifact id: '0f33bbd56cc33564c74f4db5cc113a06') in 0.019714 seconds
  Import took 0.024579 seconds .

========================================================================
Received Import Request.
  Time since last request: 0.000188 seconds.
  path: Assets/Scenes
  artifactKey: Guid(3853644428b7590caaa13dc589feb9f1) Importer(815301076,1909f56bfc062723c751e8b465ee728b)
Start importing Assets/Scenes using Guid(3853644428b7590caaa13dc589feb9f1) Importer(815301076,1909f56bfc062723c751e8b465ee728b)  -> (artifact id: 'bc3a75b5f8f9a25d99540d62aac2895b') in 0.010421 seconds
  Import took 0.015295 seconds .

========================================================================
Received Prepare
Registering precompiled user dll's ...
Registered in 0.001124 seconds.
Begin MonoManager ReloadAssembly
Native extension for WindowsStandalone target not found
Refreshing native plugins compatible for Editor in 0.39 ms, found 0 plugins.
Preloading 0 native plugins for Editor in 0.00 ms.
Invoked RoslynAnalysisRunner static constructor.
RoslynAnalysisRunner will not be running.
RoslynAnalysisRunner has terminated.
Mono: successfully reloaded assembly
- Completed reload, in  0.805 seconds
Platform modules already initialized, skipping
Shader 'Universal Render Pipeline/Particles/Lit': fallback shader 'Universal Render Pipeline/Particles/SimpleLit' not found
Refreshing native plugins compatible for Editor in 0.41 ms, found 0 plugins.
Preloading 0 native plugins for Editor in 0.00 ms.
Unloading 2610 Unused Serialized files (Serialized files now loaded: 0)
System memory in use before: 116.8 MB.
System memory in use after: 117.0 MB.

Unloading 5 unused Assets to reduce memory usage. Loaded Objects now: 3165.
Total: 2.180100 ms (FindLiveObjects: 0.234800 ms CreateObjectMapping: 0.111500 ms MarkObjects: 1.816200 ms  DeleteObjects: 0.016900 ms)

========================================================================
Received Import Request.
  Time since last request: 318.758560 seconds.
  path: Assets/NewAudioMixer.mixer
  artifactKey: Guid(debf2bb9958ac2d4cae1fe17f74f10dc) Importer(815301076,1909f56bfc062723c751e8b465ee728b)
Start importing Assets/NewAudioMixer.mixer using Guid(debf2bb9958ac2d4cae1fe17f74f10dc) Importer(815301076,1909f56bfc062723c751e8b465ee728b)  -> (artifact id: '03954dae955a8e256c8de140c071ae11') in 0.039888 seconds
  Import took 0.044223 seconds .

========================================================================
Received Import Request.
  Time since last request: 4.216983 seconds.
  path: Assets/NewAudioMixer.mixer
  artifactKey: Guid(debf2bb9958ac2d4cae1fe17f74f10dc) Importer(815301076,1909f56bfc062723c751e8b465ee728b)
Start importing Assets/NewAudioMixer.mixer using Guid(debf2bb9958ac2d4cae1fe17f74f10dc) Importer(815301076,1909f56bfc062723c751e8b465ee728b)  -> (artifact id: 'f9c754424f2be21c41cb8f83275f72ae') in 0.003310 seconds
  Import took 0.007660 seconds .

========================================================================
Received Import Request.
  Time since last request: 0.143548 seconds.
  path: Assets/NewAudioMixer.mixer
  artifactKey: Guid(debf2bb9958ac2d4cae1fe17f74f10dc) Importer(815301076,1909f56bfc062723c751e8b465ee728b)
Start importing Assets/NewAudioMixer.mixer using Guid(debf2bb9958ac2d4cae1fe17f74f10dc) Importer(815301076,1909f56bfc062723c751e8b465ee728b)  -> (artifact id: 'f9c754424f2be21c41cb8f83275f72ae') in 0.004511 seconds
  Import took 0.008952 seconds .

========================================================================
Received Import Request.
  Time since last request: 11.722365 seconds.
  path: Assets/NewAudioMixer.mixer
  artifactKey: Guid(debf2bb9958ac2d4cae1fe17f74f10dc) Importer(815301076,1909f56bfc062723c751e8b465ee728b)
Start importing Assets/NewAudioMixer.mixer using Guid(debf2bb9958ac2d4cae1fe17f74f10dc) Importer(815301076,1909f56bfc062723c751e8b465ee728b)  -> (artifact id: 'b62ec5b2bc94eb0028e826f9c72ca220') in 0.004146 seconds
  Import took 0.008623 seconds .

========================================================================
Received Import Request.
  Time since last request: 2.238708 seconds.
  path: Assets/NewAudioMixer.mixer
  artifactKey: Guid(debf2bb9958ac2d4cae1fe17f74f10dc) Importer(815301076,1909f56bfc062723c751e8b465ee728b)
Start importing Assets/NewAudioMixer.mixer using Guid(debf2bb9958ac2d4cae1fe17f74f10dc) Importer(815301076,1909f56bfc062723c751e8b465ee728b)  -> (artifact id: '88933eff8e448e738de2543d962d5b27') in 0.003429 seconds
  Import took 0.007522 seconds .

========================================================================
Received Import Request.
  Time since last request: 0.014421 seconds.
  path: Assets/NewAudioMixer.mixer
  artifactKey: Guid(debf2bb9958ac2d4cae1fe17f74f10dc) Importer(815301076,1909f56bfc062723c751e8b465ee728b)
Start importing Assets/NewAudioMixer.mixer using Guid(debf2bb9958ac2d4cae1fe17f74f10dc) Importer(815301076,1909f56bfc062723c751e8b465ee728b)  -> (artifact id: '88933eff8e448e738de2543d962d5b27') in 0.003465 seconds
  Import took 0.007489 seconds .

========================================================================
Received Import Request.
  Time since last request: 52.409095 seconds.
  path: Assets
  artifactKey: Guid(00000000000000001000000000000000) Importer(815301076,1909f56bfc062723c751e8b465ee728b)
Start importing Assets using Guid(00000000000000001000000000000000) Importer(815301076,1909f56bfc062723c751e8b465ee728b)  -> (artifact id: '42baae205c97e3337697759514652acd') in 0.007909 seconds
  Import took 0.012065 seconds .

========================================================================
Received Import Request.
  Time since last request: 7.381295 seconds.
  path: Assets/Audio
  artifactKey: Guid(f0c1f80bcbda1f44bbff8da7c8555522) Importer(815301076,1909f56bfc062723c751e8b465ee728b)
Start importing Assets/Audio using Guid(f0c1f80bcbda1f44bbff8da7c8555522) Importer(815301076,1909f56bfc062723c751e8b465ee728b)  -> (artifact id: 'c20f70e57baa670740364fa9c0f11234') in 0.007416 seconds
  Import took 0.011943 seconds .

========================================================================
Received Import Request.
  Time since last request: 12.106337 seconds.
  path: Assets/Audio/AudioClips
  artifactKey: Guid(75922d04fe3d8494f9ca6041b30212fc) Importer(815301076,1909f56bfc062723c751e8b465ee728b)
Start importing Assets/Audio/AudioClips using Guid(75922d04fe3d8494f9ca6041b30212fc) Importer(815301076,1909f56bfc062723c751e8b465ee728b)  -> (artifact id: 'c05cd4ce5a9623352e698e2b51301b52') in 0.008486 seconds
  Import took 0.012891 seconds .

========================================================================
Received Import Request.
  Time since last request: 0.001026 seconds.
  path: Assets/Audio/AudioClips
  artifactKey: Guid(75922d04fe3d8494f9ca6041b30212fc) Importer(815301076,1909f56bfc062723c751e8b465ee728b)
Start importing Assets/Audio/AudioClips using Guid(75922d04fe3d8494f9ca6041b30212fc) Importer(815301076,1909f56bfc062723c751e8b465ee728b)  -> (artifact id: 'c05cd4ce5a9623352e698e2b51301b52') in 0.003732 seconds
  Import took 0.007981 seconds .

========================================================================
Received Import Request.
  Time since last request: 13.175591 seconds.
  path: Assets/Audio/NewAudioMixer.mixer
  artifactKey: Guid(8f49af65ceda898438a3b2f950ec1dd5) Importer(815301076,1909f56bfc062723c751e8b465ee728b)
Start importing Assets/Audio/NewAudioMixer.mixer using Guid(8f49af65ceda898438a3b2f950ec1dd5) Importer(815301076,1909f56bfc062723c751e8b465ee728b)  -> (artifact id: '5bd5e2a73da76026a547209399c02a75') in 0.005465 seconds
  Import took 0.009759 seconds .

========================================================================
Received Import Request.
  Time since last request: 0.001072 seconds.
  path: Assets/Audio/NewAudioMixer.mixer
  artifactKey: Guid(8f49af65ceda898438a3b2f950ec1dd5) Importer(815301076,1909f56bfc062723c751e8b465ee728b)
Start importing Assets/Audio/NewAudioMixer.mixer using Guid(8f49af65ceda898438a3b2f950ec1dd5) Importer(815301076,1909f56bfc062723c751e8b465ee728b)  -> (artifact id: '5bd5e2a73da76026a547209399c02a75') in 0.003977 seconds
  Import took 0.010130 seconds .

========================================================================
Received Import Request.
  Time since last request: 13.690523 seconds.
  path: Assets/Audio/NewAudioMixer.mixer
  artifactKey: Guid(8f49af65ceda898438a3b2f950ec1dd5) Importer(815301076,1909f56bfc062723c751e8b465ee728b)
Start importing Assets/Audio/NewAudioMixer.mixer using Guid(8f49af65ceda898438a3b2f950ec1dd5) Importer(815301076,1909f56bfc062723c751e8b465ee728b)  -> (artifact id: '15770935db08089002ba44d001b7a25e') in 0.003515 seconds
  Import took 0.007336 seconds .

========================================================================
Received Import Request.
  Time since last request: 0.014454 seconds.
  path: Assets/Audio/NewAudioMixer.mixer
  artifactKey: Guid(8f49af65ceda898438a3b2f950ec1dd5) Importer(815301076,1909f56bfc062723c751e8b465ee728b)
Start importing Assets/Audio/NewAudioMixer.mixer using Guid(8f49af65ceda898438a3b2f950ec1dd5) Importer(815301076,1909f56bfc062723c751e8b465ee728b)  -> (artifact id: '15770935db08089002ba44d001b7a25e') in 0.003435 seconds
  Import took 0.007934 seconds .

========================================================================
Received Import Request.
  Time since last request: 7.601762 seconds.
  path: Assets/Audio/NewAudioMixer.mixer
  artifactKey: Guid(8f49af65ceda898438a3b2f950ec1dd5) Importer(815301076,1909f56bfc062723c751e8b465ee728b)
Start importing Assets/Audio/NewAudioMixer.mixer using Guid(8f49af65ceda898438a3b2f950ec1dd5) Importer(815301076,1909f56bfc062723c751e8b465ee728b)  -> (artifact id: '49a06d6249a40c0041fadc5d166b7dce') in 0.003302 seconds
  Import took 0.007365 seconds .

========================================================================
Received Import Request.
  Time since last request: 10.036758 seconds.
  path: Assets/Audio/NewAudioMixer.mixer
  artifactKey: Guid(8f49af65ceda898438a3b2f950ec1dd5) Importer(815301076,1909f56bfc062723c751e8b465ee728b)
Start importing Assets/Audio/NewAudioMixer.mixer using Guid(8f49af65ceda898438a3b2f950ec1dd5) Importer(815301076,1909f56bfc062723c751e8b465ee728b)  -> (artifact id: 'b15a6620c6635c153403ab7ad38ed09a') in 0.003917 seconds
  Import took 0.008867 seconds .

========================================================================
Received Import Request.
  Time since last request: 0.012684 seconds.
  path: Assets/Audio/NewAudioMixer.mixer
  artifactKey: Guid(8f49af65ceda898438a3b2f950ec1dd5) Importer(815301076,1909f56bfc062723c751e8b465ee728b)
Start importing Assets/Audio/NewAudioMixer.mixer using Guid(8f49af65ceda898438a3b2f950ec1dd5) Importer(815301076,1909f56bfc062723c751e8b465ee728b)  -> (artifact id: 'b15a6620c6635c153403ab7ad38ed09a') in 0.004839 seconds
  Import took 0.008951 seconds .

========================================================================
Received Import Request.
  Time since last request: 5.063137 seconds.
  path: Assets/Audio/NewAudioMixer.mixer
  artifactKey: Guid(8f49af65ceda898438a3b2f950ec1dd5) Importer(815301076,1909f56bfc062723c751e8b465ee728b)
Start importing Assets/Audio/NewAudioMixer.mixer using Guid(8f49af65ceda898438a3b2f950ec1dd5) Importer(815301076,1909f56bfc062723c751e8b465ee728b)  -> (artifact id: 'af55d7358696c9a87e4306ae67b59a95') in 0.004544 seconds
  Import took 0.009201 seconds .

========================================================================
Received Import Request.
  Time since last request: 2.706998 seconds.
  path: Assets/Audio/NewAudioMixer.mixer
  artifactKey: Guid(8f49af65ceda898438a3b2f950ec1dd5) Importer(815301076,1909f56bfc062723c751e8b465ee728b)
Start importing Assets/Audio/NewAudioMixer.mixer using Guid(8f49af65ceda898438a3b2f950ec1dd5) Importer(815301076,1909f56bfc062723c751e8b465ee728b)  -> (artifact id: '620b9605931fa5fdae16112153136f9a') in 0.005241 seconds
  Import took 0.010110 seconds .

========================================================================
Received Import Request.
  Time since last request: 0.016410 seconds.
  path: Assets/Audio/NewAudioMixer.mixer
  artifactKey: Guid(8f49af65ceda898438a3b2f950ec1dd5) Importer(815301076,1909f56bfc062723c751e8b465ee728b)
Start importing Assets/Audio/NewAudioMixer.mixer using Guid(8f49af65ceda898438a3b2f950ec1dd5) Importer(815301076,1909f56bfc062723c751e8b465ee728b)  -> (artifact id: '620b9605931fa5fdae16112153136f9a') in 0.005380 seconds
  Import took 0.012109 seconds .

========================================================================
Received Import Request.
  Time since last request: 43.880629 seconds.
  path: Assets/Audio/NewAudioMixer.mixer
  artifactKey: Guid(8f49af65ceda898438a3b2f950ec1dd5) Importer(815301076,1909f56bfc062723c751e8b465ee728b)
Start importing Assets/Audio/NewAudioMixer.mixer using Guid(8f49af65ceda898438a3b2f950ec1dd5) Importer(815301076,1909f56bfc062723c751e8b465ee728b)  -> (artifact id: '85a5fa910b4cf56fc25b2a0d03c6fe9b') in 0.003752 seconds
  Import took 0.008102 seconds .

========================================================================
Received Prepare
Registering precompiled user dll's ...
Registered in 0.001332 seconds.
Begin MonoManager ReloadAssembly
Native extension for WindowsStandalone target not found
Refreshing native plugins compatible for Editor in 0.40 ms, found 0 plugins.
Preloading 0 native plugins for Editor in 0.00 ms.
Invoked RoslynAnalysisRunner static constructor.
RoslynAnalysisRunner will not be running.
RoslynAnalysisRunner has terminated.
Mono: successfully reloaded assembly
- Completed reload, in  0.837 seconds
Platform modules already initialized, skipping
Shader 'Universal Render Pipeline/Particles/Lit': fallback shader 'Universal Render Pipeline/Particles/SimpleLit' not found
Refreshing native plugins compatible for Editor in 0.40 ms, found 0 plugins.
Preloading 0 native plugins for Editor in 0.00 ms.
Unloading 2610 Unused Serialized files (Serialized files now loaded: 0)
System memory in use before: 116.9 MB.
System memory in use after: 117.1 MB.

Unloading 5 unused Assets to reduce memory usage. Loaded Objects now: 3168.
Total: 2.027200 ms (FindLiveObjects: 0.236900 ms CreateObjectMapping: 0.108700 ms MarkObjects: 1.666500 ms  DeleteObjects: 0.014500 ms)

========================================================================
Received Prepare
Registering precompiled user dll's ...
Registered in 0.001110 seconds.
Begin MonoManager ReloadAssembly
Native extension for WindowsStandalone target not found
Refreshing native plugins compatible for Editor in 0.40 ms, found 0 plugins.
Preloading 0 native plugins for Editor in 0.00 ms.
Invoked RoslynAnalysisRunner static constructor.
RoslynAnalysisRunner will not be running.
RoslynAnalysisRunner has terminated.
Mono: successfully reloaded assembly
- Completed reload, in  0.831 seconds
Platform modules already initialized, skipping
Shader 'Universal Render Pipeline/Particles/Lit': fallback shader 'Universal Render Pipeline/Particles/SimpleLit' not found
Refreshing native plugins compatible for Editor in 0.39 ms, found 0 plugins.
Preloading 0 native plugins for Editor in 0.00 ms.
Unloading 2611 Unused Serialized files (Serialized files now loaded: 0)
System memory in use before: 116.9 MB.
System memory in use after: 117.1 MB.

Unloading 5 unused Assets to reduce memory usage. Loaded Objects now: 3172.
Total: 2.776900 ms (FindLiveObjects: 0.362800 ms CreateObjectMapping: 0.149600 ms MarkObjects: 2.246400 ms  DeleteObjects: 0.017200 ms)

========================================================================
Received Prepare
Registering precompiled user dll's ...
Registered in 0.001190 seconds.
Begin MonoManager ReloadAssembly
Native extension for WindowsStandalone target not found
Refreshing native plugins compatible for Editor in 0.39 ms, found 0 plugins.
Preloading 0 native plugins for Editor in 0.00 ms.
Invoked RoslynAnalysisRunner static constructor.
RoslynAnalysisRunner will not be running.
RoslynAnalysisRunner has terminated.
Mono: successfully reloaded assembly
- Completed reload, in  0.811 seconds
Platform modules already initialized, skipping
Shader 'Universal Render Pipeline/Particles/Lit': fallback shader 'Universal Render Pipeline/Particles/SimpleLit' not found
Refreshing native plugins compatible for Editor in 0.41 ms, found 0 plugins.
Preloading 0 native plugins for Editor in 0.00 ms.
Unloading 2611 Unused Serialized files (Serialized files now loaded: 0)
System memory in use before: 116.9 MB.
System memory in use after: 117.2 MB.

Unloading 5 unused Assets to reduce memory usage. Loaded Objects now: 3175.
Total: 1.947200 ms (FindLiveObjects: 0.207200 ms CreateObjectMapping: 0.089800 ms MarkObjects: 1.635700 ms  DeleteObjects: 0.013100 ms)

========================================================================
Received Prepare
Registering precompiled user dll's ...
Registered in 0.001747 seconds.
Begin MonoManager ReloadAssembly
Native extension for WindowsStandalone target not found
Refreshing native plugins compatible for Editor in 0.40 ms, found 0 plugins.
Preloading 0 native plugins for Editor in 0.00 ms.
Invoked RoslynAnalysisRunner static constructor.
RoslynAnalysisRunner will not be running.
RoslynAnalysisRunner has terminated.
Mono: successfully reloaded assembly
- Completed reload, in  0.822 seconds
Platform modules already initialized, skipping
Shader 'Universal Render Pipeline/Particles/Lit': fallback shader 'Universal Render Pipeline/Particles/SimpleLit' not found
Refreshing native plugins compatible for Editor in 0.41 ms, found 0 plugins.
Preloading 0 native plugins for Editor in 0.00 ms.
Unloading 2612 Unused Serialized files (Serialized files now loaded: 0)
System memory in use before: 117.0 MB.
System memory in use after: 117.2 MB.

Unloading 5 unused Assets to reduce memory usage. Loaded Objects now: 3179.
Total: 2.289500 ms (FindLiveObjects: 0.404800 ms CreateObjectMapping: 0.167200 ms MarkObjects: 1.698400 ms  DeleteObjects: 0.018300 ms)

========================================================================
Received Prepare
Registering precompiled user dll's ...
Registered in 0.001164 seconds.
Begin MonoManager ReloadAssembly
Native extension for WindowsStandalone target not found
Refreshing native plugins compatible for Editor in 0.40 ms, found 0 plugins.
Preloading 0 native plugins for Editor in 0.00 ms.
Invoked RoslynAnalysisRunner static constructor.
RoslynAnalysisRunner will not be running.
RoslynAnalysisRunner has terminated.
Mono: successfully reloaded assembly
- Completed reload, in  0.793 seconds
Platform modules already initialized, skipping
Shader 'Universal Render Pipeline/Particles/Lit': fallback shader 'Universal Render Pipeline/Particles/SimpleLit' not found
Refreshing native plugins compatible for Editor in 0.42 ms, found 0 plugins.
Preloading 0 native plugins for Editor in 0.00 ms.
Unloading 2612 Unused Serialized files (Serialized files now loaded: 0)
System memory in use before: 117.0 MB.
System memory in use after: 117.2 MB.

Unloading 5 unused Assets to reduce memory usage. Loaded Objects now: 3182.
Total: 2.055100 ms (FindLiveObjects: 0.264800 ms CreateObjectMapping: 0.147400 ms MarkObjects: 1.628700 ms  DeleteObjects: 0.013500 ms)

========================================================================
Received Prepare
Registering precompiled user dll's ...
Registered in 0.001162 seconds.
Begin MonoManager ReloadAssembly
Native extension for WindowsStandalone target not found
Refreshing native plugins compatible for Editor in 0.41 ms, found 0 plugins.
Preloading 0 native plugins for Editor in 0.00 ms.
Invoked RoslynAnalysisRunner static constructor.
RoslynAnalysisRunner will not be running.
RoslynAnalysisRunner has terminated.
Mono: successfully reloaded assembly
- Completed reload, in  0.801 seconds
Platform modules already initialized, skipping
Shader 'Universal Render Pipeline/Particles/Lit': fallback shader 'Universal Render Pipeline/Particles/SimpleLit' not found
Refreshing native plugins compatible for Editor in 0.42 ms, found 0 plugins.
Preloading 0 native plugins for Editor in 0.00 ms.
Unloading 2612 Unused Serialized files (Serialized files now loaded: 0)
System memory in use before: 117.0 MB.
System memory in use after: 117.2 MB.

Unloading 5 unused Assets to reduce memory usage. Loaded Objects now: 3185.
Total: 2.233500 ms (FindLiveObjects: 0.255400 ms CreateObjectMapping: 0.144200 ms MarkObjects: 1.810300 ms  DeleteObjects: 0.022500 ms)

========================================================================
Received Import Request.
  Time since last request: 593.305515 seconds.
  path: Assets/Audio/NewAudioMixer.mixer
  artifactKey: Guid(8f49af65ceda898438a3b2f950ec1dd5) Importer(815301076,1909f56bfc062723c751e8b465ee728b)
Start importing Assets/Audio/NewAudioMixer.mixer using Guid(8f49af65ceda898438a3b2f950ec1dd5) Importer(815301076,1909f56bfc062723c751e8b465ee728b)  -> (artifact id: '9e583234a13032113425119c7e2fbabd') in 0.014372 seconds
  Import took 0.018200 seconds .

========================================================================
Received Import Request.
  Time since last request: 4.208465 seconds.
  path: Assets/Audio/AudioClips/538194__eliot-beats__cymbal-crash.mp3
  artifactKey: Guid(431b8c4f79803bb4a80a69e94dd12a74) Importer(815301076,1909f56bfc062723c751e8b465ee728b)
Start importing Assets/Audio/AudioClips/538194__eliot-beats__cymbal-crash.mp3 using Guid(431b8c4f79803bb4a80a69e94dd12a74) Importer(815301076,1909f56bfc062723c751e8b465ee728b)  -> (artifact id: '67f370c2b8653bfebcbeeaee1a059fe9') in 0.080146 seconds
  Import took 0.084111 seconds .

========================================================================
Received Import Request.
  Time since last request: 14.903417 seconds.
  path: Assets/Audio/AudioClips/Pelota1Crash.mp3
  artifactKey: Guid(431b8c4f79803bb4a80a69e94dd12a74) Importer(815301076,1909f56bfc062723c751e8b465ee728b)
Start importing Assets/Audio/AudioClips/Pelota1Crash.mp3 using Guid(431b8c4f79803bb4a80a69e94dd12a74) Importer(815301076,1909f56bfc062723c751e8b465ee728b)  -> (artifact id: '2d4869b99c3f067aefe5e15279db1b67') in 0.018436 seconds
  Import took 0.022285 seconds .

========================================================================
Received Import Request.
  Time since last request: 346.697187 seconds.
  path: Assets/Audio/AudioClips/178109__finestship__hmm-4-01.aiff
  artifactKey: Guid(852a223168a81a040bcee286bd4e34a8) Importer(815301076,1909f56bfc062723c751e8b465ee728b)
Start importing Assets/Audio/AudioClips/178109__finestship__hmm-4-01.aiff using Guid(852a223168a81a040bcee286bd4e34a8) Importer(815301076,1909f56bfc062723c751e8b465ee728b)  -> (artifact id: '2870fb43ecc7181e775f6f2958ccb47a') in 0.025429 seconds
  Import took 0.030563 seconds .

========================================================================
Received Import Request.
  Time since last request: 15.326176 seconds.
  path: Assets/Audio/AudioClips/MoviminetoPelotas.aiff
  artifactKey: Guid(852a223168a81a040bcee286bd4e34a8) Importer(815301076,1909f56bfc062723c751e8b465ee728b)
Start importing Assets/Audio/AudioClips/MoviminetoPelotas.aiff using Guid(852a223168a81a040bcee286bd4e34a8) Importer(815301076,1909f56bfc062723c751e8b465ee728b)  -> (artifact id: 'b7044a011fb85e26c9675aa9451c664e') in 0.019558 seconds
  Import took 0.024117 seconds .

========================================================================
Received Import Request.
  Time since last request: 64.729627 seconds.
  path: Assets/Audio/AudioClips/270180__theriavirra__02-tom-low-loud-44100.wav
  artifactKey: Guid(c805171b3daeef940bdabcaef59f50f3) Importer(815301076,1909f56bfc062723c751e8b465ee728b)
Start importing Assets/Audio/AudioClips/270180__theriavirra__02-tom-low-loud-44100.wav using Guid(c805171b3daeef940bdabcaef59f50f3) Importer(815301076,1909f56bfc062723c751e8b465ee728b)  -> (artifact id: 'ed74000d1627eadc2c3934f0309a6fbd') in 0.020142 seconds
  Import took 0.024928 seconds .

========================================================================
Received Import Request.
  Time since last request: 8.332565 seconds.
  path: Assets/Audio/AudioClips/CuboCrash.wav
  artifactKey: Guid(c805171b3daeef940bdabcaef59f50f3) Importer(815301076,1909f56bfc062723c751e8b465ee728b)
Start importing Assets/Audio/AudioClips/CuboCrash.wav using Guid(c805171b3daeef940bdabcaef59f50f3) Importer(815301076,1909f56bfc062723c751e8b465ee728b)  -> (artifact id: '3c165ac2af363b7790d99ae8d0a65187') in 0.016209 seconds
  Import took 0.020520 seconds .

========================================================================
Received Import Request.
  Time since last request: 150.161584 seconds.
  path: Assets/Audio/AudioClips/MoviminetoPelotas_data
  artifactKey: Guid(9b88dd23b7893b74db0cd4dc47b3da27) Importer(815301076,1909f56bfc062723c751e8b465ee728b)
Start importing Assets/Audio/AudioClips/MoviminetoPelotas_data using Guid(9b88dd23b7893b74db0cd4dc47b3da27) Importer(815301076,1909f56bfc062723c751e8b465ee728b)  -> (artifact id: 'a4346c50a0bd097c930ccc421718c0a7') in 0.007408 seconds
  Import took 0.011873 seconds .

========================================================================
Received Import Request.
  Time since last request: 0.722404 seconds.
  path: Assets/Audio/AudioClips/MoviminetoPelotas_data/e08
  artifactKey: Guid(6c7aff3b7749d7c4f9ebcbb744f1db97) Importer(815301076,1909f56bfc062723c751e8b465ee728b)
Start importing Assets/Audio/AudioClips/MoviminetoPelotas_data/e08 using Guid(6c7aff3b7749d7c4f9ebcbb744f1db97) Importer(815301076,1909f56bfc062723c751e8b465ee728b)  -> (artifact id: 'aadd54148f419fbd80db1aefc6520973') in 0.007437 seconds
  Import took 0.012106 seconds .

========================================================================
Received Import Request.
  Time since last request: 0.495771 seconds.
  path: Assets/Audio/AudioClips/MoviminetoPelotas_data/e08/d08
  artifactKey: Guid(90629e7b847dd9b45a7939124ef2092d) Importer(815301076,1909f56bfc062723c751e8b465ee728b)
Start importing Assets/Audio/AudioClips/MoviminetoPelotas_data/e08/d08 using Guid(90629e7b847dd9b45a7939124ef2092d) Importer(815301076,1909f56bfc062723c751e8b465ee728b)  -> (artifact id: '4c101ca44dea4deab6f14daa903f08f3') in 0.008495 seconds
  Import took 0.012707 seconds .

========================================================================
Received Import Request.
  Time since last request: 8.615508 seconds.
  path: Assets/Audio/AudioClips/MoviminetoPelotas.aup
  artifactKey: Guid(632c6519d338b7a4bbb92cefbfe79100) Importer(815301076,1909f56bfc062723c751e8b465ee728b)
Start importing Assets/Audio/AudioClips/MoviminetoPelotas.aup using Guid(632c6519d338b7a4bbb92cefbfe79100) Importer(815301076,1909f56bfc062723c751e8b465ee728b)  -> (artifact id: 'f4c493c4e1839c27e74f74c2e8a0de96') in 0.005630 seconds
  Import took 0.010311 seconds .

========================================================================
Received Import Request.
  Time since last request: 160.477377 seconds.
  path: Assets/Audio/AudioClips/MoviminetoPelotas.mp3
  artifactKey: Guid(07299983eaec47c439db6d5b22702d5e) Importer(815301076,1909f56bfc062723c751e8b465ee728b)
Start importing Assets/Audio/AudioClips/MoviminetoPelotas.mp3 using Guid(07299983eaec47c439db6d5b22702d5e) Importer(815301076,1909f56bfc062723c751e8b465ee728b)  -> (artifact id: '96e60c9e047cc89cbd846d979fc7addd') in 0.014679 seconds
  Import took 0.019622 seconds .

========================================================================
Received Import Request.
  Time since last request: 19.609961 seconds.
  path: Assets/Audio/AudioClips/MoviminetoPelotas1.mp3
  artifactKey: Guid(07299983eaec47c439db6d5b22702d5e) Importer(815301076,1909f56bfc062723c751e8b465ee728b)
Start importing Assets/Audio/AudioClips/MoviminetoPelotas1.mp3 using Guid(07299983eaec47c439db6d5b22702d5e) Importer(815301076,1909f56bfc062723c751e8b465ee728b)  -> (artifact id: 'a0cb79c58a63b2a2b19b0d2172da1fbc') in 0.016656 seconds
  Import took 0.021257 seconds .

========================================================================
Received Prepare
Registering precompiled user dll's ...
Registered in 0.001073 seconds.
Begin MonoManager ReloadAssembly
Native extension for WindowsStandalone target not found
Refreshing native plugins compatible for Editor in 0.48 ms, found 0 plugins.
Preloading 0 native plugins for Editor in 0.00 ms.
Invoked RoslynAnalysisRunner static constructor.
RoslynAnalysisRunner will not be running.
RoslynAnalysisRunner has terminated.
Mono: successfully reloaded assembly
- Completed reload, in  0.829 seconds
Platform modules already initialized, skipping
Shader 'Universal Render Pipeline/Particles/Lit': fallback shader 'Universal Render Pipeline/Particles/SimpleLit' not found
Refreshing native plugins compatible for Editor in 0.40 ms, found 0 plugins.
Preloading 0 native plugins for Editor in 0.00 ms.
Unloading 2612 Unused Serialized files (Serialized files now loaded: 0)
System memory in use before: 120.0 MB.
System memory in use after: 120.3 MB.

Unloading 5 unused Assets to reduce memory usage. Loaded Objects now: 3197.
Total: 2.216400 ms (FindLiveObjects: 0.252500 ms CreateObjectMapping: 0.130300 ms MarkObjects: 1.817800 ms  DeleteObjects: 0.014900 ms)

========================================================================
Received Import Request.
  Time since last request: 307.680313 seconds.
  path: Assets/Audio/NewAudioMixer.mixer
  artifactKey: Guid(8f49af65ceda898438a3b2f950ec1dd5) Importer(815301076,1909f56bfc062723c751e8b465ee728b)
Start importing Assets/Audio/NewAudioMixer.mixer using Guid(8f49af65ceda898438a3b2f950ec1dd5) Importer(815301076,1909f56bfc062723c751e8b465ee728b)  -> (artifact id: '772bf18393575a460983c40a01da8d63') in 0.013196 seconds
  Import took 0.017902 seconds .

========================================================================
Received Prepare
Registering precompiled user dll's ...
Registered in 0.001149 seconds.
Begin MonoManager ReloadAssembly
Native extension for WindowsStandalone target not found
Refreshing native plugins compatible for Editor in 0.55 ms, found 0 plugins.
Preloading 0 native plugins for Editor in 0.00 ms.
Invoked RoslynAnalysisRunner static constructor.
RoslynAnalysisRunner will not be running.
RoslynAnalysisRunner has terminated.
Mono: successfully reloaded assembly
- Completed reload, in  0.805 seconds
Platform modules already initialized, skipping
Shader 'Universal Render Pipeline/Particles/Lit': fallback shader 'Universal Render Pipeline/Particles/SimpleLit' not found
Refreshing native plugins compatible for Editor in 0.39 ms, found 0 plugins.
Preloading 0 native plugins for Editor in 0.00 ms.
Unloading 2612 Unused Serialized files (Serialized files now loaded: 0)
System memory in use before: 120.0 MB.
System memory in use after: 120.3 MB.

Unloading 5 unused Assets to reduce memory usage. Loaded Objects now: 3200.
Total: 2.191100 ms (FindLiveObjects: 0.414000 ms CreateObjectMapping: 0.124800 ms MarkObjects: 1.637300 ms  DeleteObjects: 0.014200 ms)

========================================================================
Received Prepare
Registering precompiled user dll's ...
Registered in 0.001192 seconds.
Begin MonoManager ReloadAssembly
Native extension for WindowsStandalone target not found
Refreshing native plugins compatible for Editor in 0.60 ms, found 0 plugins.
Preloading 0 native plugins for Editor in 0.00 ms.
Invoked RoslynAnalysisRunner static constructor.
RoslynAnalysisRunner will not be running.
RoslynAnalysisRunner has terminated.
Mono: successfully reloaded assembly
- Completed reload, in  0.998 seconds
Platform modules already initialized, skipping
Shader 'Universal Render Pipeline/Particles/Lit': fallback shader 'Universal Render Pipeline/Particles/SimpleLit' not found
Refreshing native plugins compatible for Editor in 0.62 ms, found 0 plugins.
Preloading 0 native plugins for Editor in 0.00 ms.
Unloading 2612 Unused Serialized files (Serialized files now loaded: 0)
System memory in use before: 120.0 MB.
System memory in use after: 120.3 MB.

Unloading 5 unused Assets to reduce memory usage. Loaded Objects now: 3203.
Total: 2.683500 ms (FindLiveObjects: 0.257800 ms CreateObjectMapping: 0.196800 ms MarkObjects: 2.188500 ms  DeleteObjects: 0.039100 ms)

========================================================================
Received Prepare
Registering precompiled user dll's ...
Registered in 0.001174 seconds.
Begin MonoManager ReloadAssembly
Native extension for WindowsStandalone target not found
Refreshing native plugins compatible for Editor in 0.42 ms, found 0 plugins.
Preloading 0 native plugins for Editor in 0.00 ms.
Invoked RoslynAnalysisRunner static constructor.
RoslynAnalysisRunner will not be running.
RoslynAnalysisRunner has terminated.
Mono: successfully reloaded assembly
- Completed reload, in  0.820 seconds
Platform modules already initialized, skipping
Shader 'Universal Render Pipeline/Particles/Lit': fallback shader 'Universal Render Pipeline/Particles/SimpleLit' not found
Refreshing native plugins compatible for Editor in 0.38 ms, found 0 plugins.
Preloading 0 native plugins for Editor in 0.00 ms.
Unloading 2612 Unused Serialized files (Serialized files now loaded: 0)
System memory in use before: 120.1 MB.
System memory in use after: 120.3 MB.

Unloading 5 unused Assets to reduce memory usage. Loaded Objects now: 3206.
Total: 2.280200 ms (FindLiveObjects: 0.322400 ms CreateObjectMapping: 0.196200 ms MarkObjects: 1.741400 ms  DeleteObjects: 0.018500 ms)

========================================================================
Received Prepare
Registering precompiled user dll's ...
Registered in 0.001120 seconds.
Begin MonoManager ReloadAssembly
Native extension for WindowsStandalone target not found
Refreshing native plugins compatible for Editor in 0.39 ms, found 0 plugins.
Preloading 0 native plugins for Editor in 0.00 ms.
Invoked RoslynAnalysisRunner static constructor.
RoslynAnalysisRunner will not be running.
RoslynAnalysisRunner has terminated.
Mono: successfully reloaded assembly
- Completed reload, in  0.804 seconds
Platform modules already initialized, skipping
Shader 'Universal Render Pipeline/Particles/Lit': fallback shader 'Universal Render Pipeline/Particles/SimpleLit' not found
Refreshing native plugins compatible for Editor in 0.39 ms, found 0 plugins.
Preloading 0 native plugins for Editor in 0.00 ms.
Unloading 2612 Unused Serialized files (Serialized files now loaded: 0)
System memory in use before: 120.1 MB.
System memory in use after: 120.3 MB.

Unloading 5 unused Assets to reduce memory usage. Loaded Objects now: 3209.
Total: 2.847800 ms (FindLiveObjects: 0.415700 ms CreateObjectMapping: 0.358000 ms MarkObjects: 2.055900 ms  DeleteObjects: 0.016700 ms)

AssetImportWorkerClient::OnTransportError - code=2 error=End of file
